# JRE version: Java(TM) SE Runtime Environment (17.0.12+8) (build 17.0.12+8-LTS-286)
# Java VM: Java HotSpot(TM) 64-Bit Server VM (17.0.12+8-LTS-286, mixed mode, sharing, tiered, compressed oops, compressed class ptrs, g1 gc, windows-amd64)
GC Precious Log:
 CPUs: 12 total, 12 available
 Memory: 7501M
 Large Page Support: Disabled
 NUMA Support: Disabled
 Compressed Oops: Enabled (32-bit)
 Heap Region Size: 1M
 Heap Min Capacity: 8M
 Heap Initial Capacity: 118M
 Heap Max Capacity: 1876M
 Pre-touch: Disabled
 Parallel Workers: 10
 Concurrent Workers: 3
 Concurrent Refinement Workers: 10
 Periodic GC: Disabled
Heap:
 garbage-first heap   total 323584K, used 95970K [0x000000008ac00000, 0x0000000100000000)
  region size 1024K, 2 young (2048K), 1 survivors (1024K)
 Metaspace       used 27742K, committed 28224K, reserved 1114112K
  class space    used 3389K, committed 3648K, reserved 1048576K
GC Heap History (20 events):
Event: 814.283 GC heap before
{Heap before GC invocations=15 (full 0):
 garbage-first heap   total 37888K, used 18724K [0x000000008ac00000, 0x0000000100000000)
  region size 1024K, 3 young (3072K), 2 survivors (2048K)
 Metaspace       used 27262K, committed 27712K, reserved 1114112K
  class space    used 3318K, committed 3520K, reserved 1048576K
}
Event: 814.298 GC heap after
{Heap after GC invocations=16 (full 0):
 garbage-first heap   total 37888K, used 17653K [0x000000008ac00000, 0x0000000100000000)
  region size 1024K, 1 young (1024K), 1 survivors (1024K)
 Metaspace       used 27262K, committed 27712K, reserved 1114112K
  class space    used 3318K, committed 3520K, reserved 1048576K
}
Event: 815.545 GC heap before
{Heap before GC invocations=17 (full 0):
 garbage-first heap   total 40960K, used 35061K [0x000000008ac00000, 0x0000000100000000)
  region size 1024K, 13 young (13312K), 1 survivors (1024K)
 Metaspace       used 27294K, committed 27712K, reserved 1114112K
  class space    used 3320K, committed 3520K, reserved 1048576K
}
Event: 815.629 GC heap after
{Heap after GC invocations=18 (full 0):
 garbage-first heap   total 57344K, used 28140K [0x000000008ac00000, 0x0000000100000000)
  region size 1024K, 2 young (2048K), 2 survivors (2048K)
 Metaspace       used 27294K, committed 27712K, reserved 1114112K
  class space    used 3320K, committed 3520K, reserved 1048576K
}
Event: 815.708 GC heap before
{Heap before GC invocations=18 (full 0):
 garbage-first heap   total 57344K, used 37356K [0x000000008ac00000, 0x0000000100000000)
  region size 1024K, 12 young (12288K), 2 survivors (2048K)
 Metaspace       used 27294K, committed 27712K, reserved 1114112K
  class space    used 3320K, committed 3520K, reserved 1048576K
}
Event: 815.731 GC heap after
{Heap after GC invocations=19 (full 0):
 garbage-first heap   total 57344K, used 36513K [0x000000008ac00000, 0x0000000100000000)
  region size 1024K, 2 young (2048K), 2 survivors (2048K)
 Metaspace       used 27294K, committed 27712K, reserved 1114112K
  class space    used 3320K, committed 3520K, reserved 1048576K
}
Event: 815.809 GC heap before
{Heap before GC invocations=20 (full 0):
 garbage-first heap   total 63488K, used 41633K [0x000000008ac00000, 0x0000000100000000)
  region size 1024K, 7 young (7168K), 2 survivors (2048K)
 Metaspace       used 27294K, committed 27712K, reserved 1114112K
  class space    used 3320K, committed 3520K, reserved 1048576K
}
Event: 815.819 GC heap after
{Heap after GC invocations=21 (full 0):
 garbage-first heap   total 63488K, used 40960K [0x000000008ac00000, 0x0000000100000000)
  region size 1024K, 1 young (1024K), 1 survivors (1024K)
 Metaspace       used 27294K, committed 27712K, reserved 1114112K
  class space    used 3320K, committed 3520K, reserved 1048576K
}
Event: 815.839 GC heap before
{Heap before GC invocations=21 (full 0):
 garbage-first heap   total 63488K, used 46080K [0x000000008ac00000, 0x0000000100000000)
  region size 1024K, 6 young (6144K), 1 survivors (1024K)
 Metaspace       used 27294K, committed 27712K, reserved 1114112K
  class space    used 3320K, committed 3520K, reserved 1048576K
}
Event: 815.849 GC heap after
{Heap after GC invocations=22 (full 0):
 garbage-first heap   total 63488K, used 46080K [0x000000008ac00000, 0x0000000100000000)
  region size 1024K, 1 young (1024K), 1 survivors (1024K)
 Metaspace       used 27294K, committed 27712K, reserved 1114112K
  class space    used 3320K, committed 3520K, reserved 1048576K
}
Event: 815.859 GC heap before
{Heap before GC invocations=22 (full 0):
 garbage-first heap   total 63488K, used 47104K [0x000000008ac00000, 0x0000000100000000)
  region size 1024K, 3 young (3072K), 1 survivors (1024K)
 Metaspace       used 27294K, committed 27712K, reserved 1114112K
  class space    used 3320K, committed 3520K, reserved 1048576K
}
Event: 815.867 GC heap after
{Heap after GC invocations=23 (full 0):
 garbage-first heap   total 148480K, used 48128K [0x000000008ac00000, 0x0000000100000000)
  region size 1024K, 1 young (1024K), 1 survivors (1024K)
 Metaspace       used 27294K, committed 27712K, reserved 1114112K
  class space    used 3320K, committed 3520K, reserved 1048576K
}
Event: 817.895 GC heap before
{Heap before GC invocations=24 (full 0):
 garbage-first heap   total 133120K, used 95232K [0x000000008ac00000, 0x0000000100000000)
  region size 1024K, 31 young (31744K), 1 survivors (1024K)
 Metaspace       used 27685K, committed 28096K, reserved 1114112K
  class space    used 3388K, committed 3584K, reserved 1048576K
}
Event: 817.918 GC heap after
{Heap after GC invocations=25 (full 0):
 garbage-first heap   total 133120K, used 55128K [0x000000008ac00000, 0x0000000100000000)
  region size 1024K, 4 young (4096K), 4 survivors (4096K)
 Metaspace       used 27685K, committed 28096K, reserved 1114112K
  class space    used 3388K, committed 3584K, reserved 1048576K
}
Event: 817.925 GC heap before
{Heap before GC invocations=25 (full 0):
 garbage-first heap   total 133120K, used 57176K [0x000000008ac00000, 0x0000000100000000)
  region size 1024K, 6 young (6144K), 4 survivors (4096K)
 Metaspace       used 27685K, committed 28096K, reserved 1114112K
  class space    used 3388K, committed 3584K, reserved 1048576K
}
Event: 817.935 GC heap after
{Heap after GC invocations=26 (full 0):
 garbage-first heap   total 133120K, used 56832K [0x000000008ac00000, 0x0000000100000000)
  region size 1024K, 1 young (1024K), 1 survivors (1024K)
 Metaspace       used 27685K, committed 28096K, reserved 1114112K
  class space    used 3388K, committed 3584K, reserved 1048576K
}
Event: 818.093 GC heap before
{Heap before GC invocations=26 (full 0):
 garbage-first heap   total 133120K, used 78336K [0x000000008ac00000, 0x0000000100000000)
  region size 1024K, 23 young (23552K), 1 survivors (1024K)
 Metaspace       used 27690K, committed 28096K, reserved 1114112K
  class space    used 3388K, committed 3584K, reserved 1048576K
}
Event: 818.114 GC heap after
{Heap after GC invocations=27 (full 0):
 garbage-first heap   total 133120K, used 75776K [0x000000008ac00000, 0x0000000100000000)
  region size 1024K, 3 young (3072K), 3 survivors (3072K)
 Metaspace       used 27690K, committed 28096K, reserved 1114112K
  class space    used 3388K, committed 3584K, reserved 1048576K
}
Event: 818.239 GC heap before
{Heap before GC invocations=27 (full 0):
 garbage-first heap   total 133120K, used 88064K [0x000000008ac00000, 0x0000000100000000)
  region size 1024K, 17 young (17408K), 3 survivors (3072K)
 Metaspace       used 27742K, committed 28224K, reserved 1114112K
  class space    used 3389K, committed 3648K, reserved 1048576K
}
Event: 818.248 GC heap after
{Heap after GC invocations=28 (full 0):
 garbage-first heap   total 323584K, used 75490K [0x000000008ac00000, 0x0000000100000000)
  region size 1024K, 1 young (1024K), 1 survivors (1024K)
 Metaspace       used 27742K, committed 28224K, reserved 1114112K
  class space    used 3389K, committed 3648K, reserved 1048576K
}

